17-Feb-2024 12:16:46.351 INFO [main] org.apache.catalina.startup.VersionLoggerListener.log Nombre de la versión del servidor: Apache Tomcat/10.1.18
17-Feb-2024 12:16:46.356 INFO [main] org.apache.catalina.startup.VersionLoggerListener.log Server built:                      Jan 5 2024 14:39:40 UTC
17-Feb-2024 12:16:46.359 INFO [main] org.apache.catalina.startup.VersionLoggerListener.log Número de versión de servidor:     10.1.18.0
17-Feb-2024 12:16:46.359 INFO [main] org.apache.catalina.startup.VersionLoggerListener.log OS Name:                           Windows 11
17-Feb-2024 12:16:46.359 INFO [main] org.apache.catalina.startup.VersionLoggerListener.log Versión de Systema Operativo:      10.0
17-Feb-2024 12:16:46.359 INFO [main] org.apache.catalina.startup.VersionLoggerListener.log Arquitectura:                      amd64
17-Feb-2024 12:16:46.359 INFO [main] org.apache.catalina.startup.VersionLoggerListener.log Java Home:                         C:\Program Files\Java\jdk-21
17-Feb-2024 12:16:46.359 INFO [main] org.apache.catalina.startup.VersionLoggerListener.log JVM Version:                       21.0.2+13-LTS-58
17-Feb-2024 12:16:46.361 INFO [main] org.apache.catalina.startup.VersionLoggerListener.log Vededor JVM:                       Oracle Corporation
17-Feb-2024 12:16:46.361 INFO [main] org.apache.catalina.startup.VersionLoggerListener.log CATALINA_BASE:                     C:\Users\Usuario\Desktop\programacion\apache-tomcat-10.1.18
17-Feb-2024 12:16:46.361 INFO [main] org.apache.catalina.startup.VersionLoggerListener.log CATALINA_HOME:                     C:\Users\Usuario\Desktop\programacion\apache-tomcat-10.1.18
17-Feb-2024 12:16:46.370 INFO [main] org.apache.catalina.startup.VersionLoggerListener.log Command line argument:             -Djava.util.logging.config.file=C:\Users\Usuario\Desktop\programacion\apache-tomcat-10.1.18\conf\logging.properties
17-Feb-2024 12:16:46.370 INFO [main] org.apache.catalina.startup.VersionLoggerListener.log Command line argument:             -Djava.util.logging.manager=org.apache.juli.ClassLoaderLogManager
17-Feb-2024 12:16:46.370 INFO [main] org.apache.catalina.startup.VersionLoggerListener.log Command line argument:             -Djdk.tls.ephemeralDHKeySize=2048
17-Feb-2024 12:16:46.370 INFO [main] org.apache.catalina.startup.VersionLoggerListener.log Command line argument:             -Djava.protocol.handler.pkgs=org.apache.catalina.webresources
17-Feb-2024 12:16:46.370 INFO [main] org.apache.catalina.startup.VersionLoggerListener.log Command line argument:             --add-opens=java.base/java.lang=ALL-UNNAMED
17-Feb-2024 12:16:46.370 INFO [main] org.apache.catalina.startup.VersionLoggerListener.log Command line argument:             --add-opens=java.base/java.io=ALL-UNNAMED
17-Feb-2024 12:16:46.370 INFO [main] org.apache.catalina.startup.VersionLoggerListener.log Command line argument:             --add-opens=java.base/java.util=ALL-UNNAMED
17-Feb-2024 12:16:46.370 INFO [main] org.apache.catalina.startup.VersionLoggerListener.log Command line argument:             --add-opens=java.base/java.util.concurrent=ALL-UNNAMED
17-Feb-2024 12:16:46.370 INFO [main] org.apache.catalina.startup.VersionLoggerListener.log Command line argument:             --add-opens=java.rmi/sun.rmi.transport=ALL-UNNAMED
17-Feb-2024 12:16:46.370 INFO [main] org.apache.catalina.startup.VersionLoggerListener.log Command line argument:             -Dcatalina.base=C:\Users\Usuario\Desktop\programacion\apache-tomcat-10.1.18
17-Feb-2024 12:16:46.370 INFO [main] org.apache.catalina.startup.VersionLoggerListener.log Command line argument:             -Dcatalina.home=C:\Users\Usuario\Desktop\programacion\apache-tomcat-10.1.18
17-Feb-2024 12:16:46.370 INFO [main] org.apache.catalina.startup.VersionLoggerListener.log Command line argument:             -Djava.io.tmpdir=C:\Users\Usuario\Desktop\programacion\apache-tomcat-10.1.18\temp
17-Feb-2024 12:16:46.375 INFO [main] org.apache.catalina.core.AprLifecycleListener.lifecycleEvent Cargada la biblioteca nativa APR de Apache Tomcat [2.0.6] con la versión APR [1.7.4].
17-Feb-2024 12:16:46.401 INFO [main] org.apache.catalina.core.AprLifecycleListener.initializeSSL OpenSSL inicializado correctamente [OpenSSL 3.0.11 19 Sep 2023]
17-Feb-2024 12:16:46.701 INFO [main] org.apache.coyote.AbstractProtocol.init Inicializando el manejador de protocolo ["http-nio-8080"]

17-Feb-2024 12:16:46.731 INFO [main] org.apache.catalina.startup.Catalina.load Server initialization in [607] milliseconds
17-Feb-2024 12:16:46.801 INFO [main] org.apache.catalina.core.StandardService.startInternal Arrancando servicio [Catalina]
17-Feb-2024 12:16:46.801 INFO [main] org.apache.catalina.core.StandardEngine.startInternal Starting Servlet engine: [Apache Tomcat/10.1.18]
17-Feb-2024 12:16:46.813 INFO [main] org.apache.catalina.startup.HostConfig.deployDirectory Desplegando el directorio [C:\Users\Usuario\Desktop\programacion\apache-tomcat-10.1.18\webapps\docs] de la aplicación web
17-Feb-2024 12:16:47.211 INFO [main] org.apache.catalina.startup.HostConfig.deployDirectory Deployment of web application directory [C:\Users\Usuario\Desktop\programacion\apache-tomcat-10.1.18\webapps\docs] has finished in [398] ms
17-Feb-2024 12:16:47.211 INFO [main] org.apache.catalina.startup.HostConfig.deployDirectory Desplegando el directorio [C:\Users\Usuario\Desktop\programacion\apache-tomcat-10.1.18\webapps\examples] de la aplicación web
17-Feb-2024 12:16:47.796 INFO [main] org.apache.catalina.startup.HostConfig.deployDirectory Deployment of web application directory [C:\Users\Usuario\Desktop\programacion\apache-tomcat-10.1.18\webapps\examples] has finished in [585] ms
17-Feb-2024 12:16:47.796 INFO [main] org.apache.catalina.startup.HostConfig.deployDirectory Desplegando el directorio [C:\Users\Usuario\Desktop\programacion\apache-tomcat-10.1.18\webapps\host-manager] de la aplicación web
17-Feb-2024 12:16:47.841 INFO [main] org.apache.catalina.startup.HostConfig.deployDirectory Deployment of web application directory [C:\Users\Usuario\Desktop\programacion\apache-tomcat-10.1.18\webapps\host-manager] has finished in [45] ms
17-Feb-2024 12:16:47.841 INFO [main] org.apache.catalina.startup.HostConfig.deployDirectory Desplegando el directorio [C:\Users\Usuario\Desktop\programacion\apache-tomcat-10.1.18\webapps\manager] de la aplicación web
17-Feb-2024 12:16:47.881 INFO [main] org.apache.catalina.startup.HostConfig.deployDirectory Deployment of web application directory [C:\Users\Usuario\Desktop\programacion\apache-tomcat-10.1.18\webapps\manager] has finished in [40] ms
17-Feb-2024 12:16:47.881 INFO [main] org.apache.catalina.startup.HostConfig.deployDirectory Desplegando el directorio [C:\Users\Usuario\Desktop\programacion\apache-tomcat-10.1.18\webapps\ROOT] de la aplicación web
17-Feb-2024 12:16:47.903 INFO [main] org.apache.catalina.startup.HostConfig.deployDirectory Deployment of web application directory [C:\Users\Usuario\Desktop\programacion\apache-tomcat-10.1.18\webapps\ROOT] has finished in [22] ms
17-Feb-2024 12:16:47.911 INFO [main] org.apache.coyote.AbstractProtocol.start Starting ProtocolHandler ["http-nio-8080"]
17-Feb-2024 12:16:47.941 INFO [main] org.apache.catalina.startup.Catalina.start Server startup in [1208] milliseconds
17-Feb-2024 12:18:08.132 INFO [main] org.apache.catalina.startup.VersionLoggerListener.log Nombre de la versión del servidor: Apache Tomcat/10.1.18
17-Feb-2024 12:18:08.132 INFO [main] org.apache.catalina.startup.VersionLoggerListener.log Server built:                      Jan 5 2024 14:39:40 UTC
17-Feb-2024 12:18:08.132 INFO [main] org.apache.catalina.startup.VersionLoggerListener.log Número de versión de servidor:     10.1.18.0
17-Feb-2024 12:18:08.140 INFO [main] org.apache.catalina.startup.VersionLoggerListener.log OS Name:                           Windows 11
17-Feb-2024 12:18:08.140 INFO [main] org.apache.catalina.startup.VersionLoggerListener.log Versión de Systema Operativo:      10.0
17-Feb-2024 12:18:08.140 INFO [main] org.apache.catalina.startup.VersionLoggerListener.log Arquitectura:                      amd64
17-Feb-2024 12:18:08.140 INFO [main] org.apache.catalina.startup.VersionLoggerListener.log Java Home:                         C:\Program Files\Java\jdk-21
17-Feb-2024 12:18:08.140 INFO [main] org.apache.catalina.startup.VersionLoggerListener.log JVM Version:                       21.0.2+13-LTS-58
17-Feb-2024 12:18:08.140 INFO [main] org.apache.catalina.startup.VersionLoggerListener.log Vededor JVM:                       Oracle Corporation
17-Feb-2024 12:18:08.140 INFO [main] org.apache.catalina.startup.VersionLoggerListener.log CATALINA_BASE:                     C:\Users\Usuario\Desktop\programacion\apache-tomcat-10.1.18
17-Feb-2024 12:18:08.140 INFO [main] org.apache.catalina.startup.VersionLoggerListener.log CATALINA_HOME:                     C:\Users\Usuario\Desktop\programacion\apache-tomcat-10.1.18
17-Feb-2024 12:18:08.147 INFO [main] org.apache.catalina.startup.VersionLoggerListener.log Command line argument:             -Djava.util.logging.config.file=C:\Users\Usuario\Desktop\programacion\apache-tomcat-10.1.18\conf\logging.properties
17-Feb-2024 12:18:08.147 INFO [main] org.apache.catalina.startup.VersionLoggerListener.log Command line argument:             -Djava.util.logging.manager=org.apache.juli.ClassLoaderLogManager
17-Feb-2024 12:18:08.147 INFO [main] org.apache.catalina.startup.VersionLoggerListener.log Command line argument:             -Djdk.tls.ephemeralDHKeySize=2048
17-Feb-2024 12:18:08.147 INFO [main] org.apache.catalina.startup.VersionLoggerListener.log Command line argument:             -Djava.protocol.handler.pkgs=org.apache.catalina.webresources
17-Feb-2024 12:18:08.152 INFO [main] org.apache.catalina.startup.VersionLoggerListener.log Command line argument:             --add-opens=java.base/java.lang=ALL-UNNAMED
17-Feb-2024 12:18:08.152 INFO [main] org.apache.catalina.startup.VersionLoggerListener.log Command line argument:             --add-opens=java.base/java.io=ALL-UNNAMED
17-Feb-2024 12:18:08.152 INFO [main] org.apache.catalina.startup.VersionLoggerListener.log Command line argument:             --add-opens=java.base/java.util=ALL-UNNAMED
17-Feb-2024 12:18:08.152 INFO [main] org.apache.catalina.startup.VersionLoggerListener.log Command line argument:             --add-opens=java.base/java.util.concurrent=ALL-UNNAMED
17-Feb-2024 12:18:08.152 INFO [main] org.apache.catalina.startup.VersionLoggerListener.log Command line argument:             --add-opens=java.rmi/sun.rmi.transport=ALL-UNNAMED
17-Feb-2024 12:18:08.152 INFO [main] org.apache.catalina.startup.VersionLoggerListener.log Command line argument:             -Dcatalina.base=C:\Users\Usuario\Desktop\programacion\apache-tomcat-10.1.18
17-Feb-2024 12:18:08.152 INFO [main] org.apache.catalina.startup.VersionLoggerListener.log Command line argument:             -Dcatalina.home=C:\Users\Usuario\Desktop\programacion\apache-tomcat-10.1.18
17-Feb-2024 12:18:08.152 INFO [main] org.apache.catalina.startup.VersionLoggerListener.log Command line argument:             -Djava.io.tmpdir=C:\Users\Usuario\Desktop\programacion\apache-tomcat-10.1.18\temp
17-Feb-2024 12:18:08.156 INFO [main] org.apache.catalina.core.AprLifecycleListener.lifecycleEvent Cargada la biblioteca nativa APR de Apache Tomcat [2.0.6] con la versión APR [1.7.4].
17-Feb-2024 12:18:08.162 INFO [main] org.apache.catalina.core.AprLifecycleListener.initializeSSL OpenSSL inicializado correctamente [OpenSSL 3.0.11 19 Sep 2023]
17-Feb-2024 12:18:08.425 INFO [main] org.apache.coyote.AbstractProtocol.init Inicializando el manejador de protocolo ["http-nio-8080"]

17-Feb-2024 12:18:08.442 SEVERE [main] org.apache.catalina.util.LifecycleBase.handleSubClassException Fallo al iniciar el componente [Connector["http-nio-8080"]]
	org.apache.catalina.LifecycleException: Falló la inicialización del manejador de protocolo
		at org.apache.catalina.connector.Connector.initInternal(Connector.java:1015)
		at org.apache.catalina.util.LifecycleBase.init(LifecycleBase.java:127)
		at org.apache.catalina.core.StandardService.initInternal(StandardService.java:554)
		at org.apache.catalina.util.LifecycleBase.init(LifecycleBase.java:127)
		at org.apache.catalina.core.StandardServer.initInternal(StandardServer.java:1010)
		at org.apache.catalina.util.LifecycleBase.init(LifecycleBase.java:127)
		at org.apache.catalina.startup.Catalina.load(Catalina.java:747)
		at org.apache.catalina.startup.Catalina.load(Catalina.java:769)
		at java.base/jdk.internal.reflect.DirectMethodHandleAccessor.invoke(DirectMethodHandleAccessor.java:103)
		at java.base/java.lang.reflect.Method.invoke(Method.java:580)
		at org.apache.catalina.startup.Bootstrap.load(Bootstrap.java:307)
		at org.apache.catalina.startup.Bootstrap.main(Bootstrap.java:477)
	Caused by: java.net.BindException: Address already in use: bind
		at java.base/sun.nio.ch.Net.bind0(Native Method)
		at java.base/sun.nio.ch.Net.bind(Net.java:565)
		at java.base/sun.nio.ch.ServerSocketChannelImpl.netBind(ServerSocketChannelImpl.java:344)
		at java.base/sun.nio.ch.ServerSocketChannelImpl.bind(ServerSocketChannelImpl.java:301)
		at org.apache.tomcat.util.net.NioEndpoint.initServerSocket(NioEndpoint.java:247)
		at org.apache.tomcat.util.net.NioEndpoint.bind(NioEndpoint.java:202)
		at org.apache.tomcat.util.net.AbstractEndpoint.bindWithCleanup(AbstractEndpoint.java:1280)
		at org.apache.tomcat.util.net.AbstractEndpoint.init(AbstractEndpoint.java:1293)
		at org.apache.coyote.AbstractProtocol.init(AbstractProtocol.java:624)
		at org.apache.coyote.http11.AbstractHttp11Protocol.init(AbstractHttp11Protocol.java:77)
		at org.apache.catalina.connector.Connector.initInternal(Connector.java:1013)
		... 11 more
17-Feb-2024 12:18:08.448 INFO [main] org.apache.catalina.startup.Catalina.load Server initialization in [512] milliseconds
17-Feb-2024 12:18:08.502 INFO [main] org.apache.catalina.core.StandardService.startInternal Arrancando servicio [Catalina]
17-Feb-2024 12:18:08.502 INFO [main] org.apache.catalina.core.StandardEngine.startInternal Starting Servlet engine: [Apache Tomcat/10.1.18]
17-Feb-2024 12:18:08.513 INFO [main] org.apache.catalina.startup.HostConfig.deployDirectory Desplegando el directorio [C:\Users\Usuario\Desktop\programacion\apache-tomcat-10.1.18\webapps\docs] de la aplicación web
17-Feb-2024 12:18:08.862 INFO [main] org.apache.catalina.startup.HostConfig.deployDirectory Deployment of web application directory [C:\Users\Usuario\Desktop\programacion\apache-tomcat-10.1.18\webapps\docs] has finished in [349] ms
17-Feb-2024 12:18:08.862 INFO [main] org.apache.catalina.startup.HostConfig.deployDirectory Desplegando el directorio [C:\Users\Usuario\Desktop\programacion\apache-tomcat-10.1.18\webapps\examples] de la aplicación web
17-Feb-2024 12:18:09.332 INFO [main] org.apache.catalina.startup.HostConfig.deployDirectory Deployment of web application directory [C:\Users\Usuario\Desktop\programacion\apache-tomcat-10.1.18\webapps\examples] has finished in [470] ms
17-Feb-2024 12:18:09.332 INFO [main] org.apache.catalina.startup.HostConfig.deployDirectory Desplegando el directorio [C:\Users\Usuario\Desktop\programacion\apache-tomcat-10.1.18\webapps\host-manager] de la aplicación web
17-Feb-2024 12:18:09.388 INFO [main] org.apache.catalina.startup.HostConfig.deployDirectory Deployment of web application directory [C:\Users\Usuario\Desktop\programacion\apache-tomcat-10.1.18\webapps\host-manager] has finished in [56] ms
17-Feb-2024 12:18:09.388 INFO [main] org.apache.catalina.startup.HostConfig.deployDirectory Desplegando el directorio [C:\Users\Usuario\Desktop\programacion\apache-tomcat-10.1.18\webapps\manager] de la aplicación web
17-Feb-2024 12:18:09.422 INFO [main] org.apache.catalina.startup.HostConfig.deployDirectory Deployment of web application directory [C:\Users\Usuario\Desktop\programacion\apache-tomcat-10.1.18\webapps\manager] has finished in [34] ms
17-Feb-2024 12:18:09.422 INFO [main] org.apache.catalina.startup.HostConfig.deployDirectory Desplegando el directorio [C:\Users\Usuario\Desktop\programacion\apache-tomcat-10.1.18\webapps\ROOT] de la aplicación web
17-Feb-2024 12:18:09.462 INFO [main] org.apache.catalina.startup.HostConfig.deployDirectory Deployment of web application directory [C:\Users\Usuario\Desktop\programacion\apache-tomcat-10.1.18\webapps\ROOT] has finished in [40] ms
17-Feb-2024 12:18:09.467 INFO [main] org.apache.catalina.startup.Catalina.start Server startup in [1018] milliseconds
17-Feb-2024 12:18:09.472 SEVERE [main] org.apache.catalina.core.StandardServer.await Failed to create server shutdown socket on address [localhost] and port [8005] (base port [8005] and offset [0])
	java.net.BindException: Address already in use: bind
		at java.base/sun.nio.ch.Net.bind0(Native Method)
		at java.base/sun.nio.ch.Net.bind(Net.java:565)
		at java.base/sun.nio.ch.Net.bind(Net.java:554)
		at java.base/sun.nio.ch.NioSocketImpl.bind(NioSocketImpl.java:636)
		at java.base/java.net.ServerSocket.bind(ServerSocket.java:391)
		at java.base/java.net.ServerSocket.<init>(ServerSocket.java:278)
		at org.apache.catalina.core.StandardServer.await(StandardServer.java:577)
		at org.apache.catalina.startup.Catalina.await(Catalina.java:887)
		at org.apache.catalina.startup.Catalina.start(Catalina.java:833)
		at java.base/jdk.internal.reflect.DirectMethodHandleAccessor.invoke(DirectMethodHandleAccessor.java:103)
		at java.base/java.lang.reflect.Method.invoke(Method.java:580)
		at org.apache.catalina.startup.Bootstrap.start(Bootstrap.java:347)
		at org.apache.catalina.startup.Bootstrap.main(Bootstrap.java:478)
17-Feb-2024 12:18:09.472 INFO [main] org.apache.coyote.AbstractProtocol.pause Pausing ProtocolHandler ["http-nio-8080"]
17-Feb-2024 12:18:09.472 INFO [main] org.apache.catalina.core.StandardService.stopInternal Parando servicio [Catalina]
17-Feb-2024 12:18:09.499 INFO [main] org.apache.coyote.AbstractProtocol.stop Stopping ProtocolHandler ["http-nio-8080"]
17-Feb-2024 12:18:09.502 INFO [main] org.apache.coyote.AbstractProtocol.destroy Destroying ProtocolHandler ["http-nio-8080"]
17-Feb-2024 12:21:08.349 INFO [Catalina-utility-2] org.apache.catalina.startup.HostConfig.deployDirectory Desplegando el directorio [C:\Users\Usuario\Desktop\programacion\apache-tomcat-10.1.18\webapps\Nueva carpeta] de la aplicación web
17-Feb-2024 12:21:08.457 INFO [Catalina-utility-2] org.apache.catalina.startup.HostConfig.deployDirectory Deployment of web application directory [C:\Users\Usuario\Desktop\programacion\apache-tomcat-10.1.18\webapps\Nueva carpeta] has finished in [105] ms
17-Feb-2024 12:21:18.986 INFO [Catalina-utility-2] org.apache.catalina.startup.HostConfig.undeploy Repliegue (undeploy) de la aplicación web que tiene como trayectoria de contexto [/Nueva carpeta]
17-Feb-2024 12:21:19.036 INFO [Catalina-utility-2] org.apache.catalina.startup.HostConfig.deployDirectory Desplegando el directorio [C:\Users\Usuario\Desktop\programacion\apache-tomcat-10.1.18\webapps\krakedev] de la aplicación web
17-Feb-2024 12:21:19.124 INFO [Catalina-utility-2] org.apache.catalina.startup.HostConfig.deployDirectory Deployment of web application directory [C:\Users\Usuario\Desktop\programacion\apache-tomcat-10.1.18\webapps\krakedev] has finished in [88] ms
17-Feb-2024 12:29:50.032 INFO [Catalina-utility-2] org.apache.catalina.startup.HostConfig.deployDirectory Desplegando el directorio [C:\Users\Usuario\Desktop\programacion\apache-tomcat-10.1.18\webapps\placas] de la aplicación web
17-Feb-2024 12:29:50.075 INFO [Catalina-utility-2] org.apache.catalina.startup.HostConfig.deployDirectory Deployment of web application directory [C:\Users\Usuario\Desktop\programacion\apache-tomcat-10.1.18\webapps\placas] has finished in [43] ms
17-Feb-2024 12:36:36.825 INFO [main] org.apache.catalina.core.StandardServer.await Se ha recibido un comando de apagado a través del puerto de apagado. Parando la instancia del Servidor.
17-Feb-2024 12:36:36.826 INFO [main] org.apache.coyote.AbstractProtocol.pause Pausing ProtocolHandler ["http-nio-8080"]
17-Feb-2024 12:36:36.835 INFO [main] org.apache.catalina.core.StandardService.stopInternal Parando servicio [Catalina]
17-Feb-2024 12:36:36.888 INFO [main] org.apache.coyote.AbstractProtocol.stop Stopping ProtocolHandler ["http-nio-8080"]
17-Feb-2024 12:36:36.904 INFO [main] org.apache.coyote.AbstractProtocol.destroy Destroying ProtocolHandler ["http-nio-8080"]
