18-Feb-2024 21:20:56.977 INFO [main] org.apache.catalina.startup.VersionLoggerListener.log Nombre de la versión del servidor: Apache Tomcat/10.1.18
18-Feb-2024 21:20:56.982 INFO [main] org.apache.catalina.startup.VersionLoggerListener.log Server built:                      Jan 5 2024 14:39:40 UTC
18-Feb-2024 21:20:56.982 INFO [main] org.apache.catalina.startup.VersionLoggerListener.log Número de versión de servidor:     10.1.18.0
18-Feb-2024 21:20:56.982 INFO [main] org.apache.catalina.startup.VersionLoggerListener.log OS Name:                           Windows 11
18-Feb-2024 21:20:56.982 INFO [main] org.apache.catalina.startup.VersionLoggerListener.log Versión de Systema Operativo:      10.0
18-Feb-2024 21:20:56.982 INFO [main] org.apache.catalina.startup.VersionLoggerListener.log Arquitectura:                      amd64
18-Feb-2024 21:20:56.982 INFO [main] org.apache.catalina.startup.VersionLoggerListener.log Java Home:                         C:\Program Files\Java\jdk-21
18-Feb-2024 21:20:56.982 INFO [main] org.apache.catalina.startup.VersionLoggerListener.log JVM Version:                       21.0.2+13-LTS-58
18-Feb-2024 21:20:56.983 INFO [main] org.apache.catalina.startup.VersionLoggerListener.log Vededor JVM:                       Oracle Corporation
18-Feb-2024 21:20:56.983 INFO [main] org.apache.catalina.startup.VersionLoggerListener.log CATALINA_BASE:                     C:\Users\Usuario\Desktop\programacion\krakedev\apache-tomcat-10.1.18
18-Feb-2024 21:20:56.983 INFO [main] org.apache.catalina.startup.VersionLoggerListener.log CATALINA_HOME:                     C:\Users\Usuario\Desktop\programacion\krakedev\apache-tomcat-10.1.18
18-Feb-2024 21:20:56.997 INFO [main] org.apache.catalina.startup.VersionLoggerListener.log Command line argument:             -Djava.util.logging.config.file=C:\Users\Usuario\Desktop\programacion\krakedev\apache-tomcat-10.1.18\conf\logging.properties
18-Feb-2024 21:20:56.997 INFO [main] org.apache.catalina.startup.VersionLoggerListener.log Command line argument:             -Djava.util.logging.manager=org.apache.juli.ClassLoaderLogManager
18-Feb-2024 21:20:56.997 INFO [main] org.apache.catalina.startup.VersionLoggerListener.log Command line argument:             -Djdk.tls.ephemeralDHKeySize=2048
18-Feb-2024 21:20:56.997 INFO [main] org.apache.catalina.startup.VersionLoggerListener.log Command line argument:             -Djava.protocol.handler.pkgs=org.apache.catalina.webresources
18-Feb-2024 21:20:56.997 INFO [main] org.apache.catalina.startup.VersionLoggerListener.log Command line argument:             --add-opens=java.base/java.lang=ALL-UNNAMED
18-Feb-2024 21:20:56.998 INFO [main] org.apache.catalina.startup.VersionLoggerListener.log Command line argument:             --add-opens=java.base/java.io=ALL-UNNAMED
18-Feb-2024 21:20:56.998 INFO [main] org.apache.catalina.startup.VersionLoggerListener.log Command line argument:             --add-opens=java.base/java.util=ALL-UNNAMED
18-Feb-2024 21:20:56.998 INFO [main] org.apache.catalina.startup.VersionLoggerListener.log Command line argument:             --add-opens=java.base/java.util.concurrent=ALL-UNNAMED
18-Feb-2024 21:20:56.998 INFO [main] org.apache.catalina.startup.VersionLoggerListener.log Command line argument:             --add-opens=java.rmi/sun.rmi.transport=ALL-UNNAMED
18-Feb-2024 21:20:56.998 INFO [main] org.apache.catalina.startup.VersionLoggerListener.log Command line argument:             -Dcatalina.base=C:\Users\Usuario\Desktop\programacion\krakedev\apache-tomcat-10.1.18
18-Feb-2024 21:20:56.998 INFO [main] org.apache.catalina.startup.VersionLoggerListener.log Command line argument:             -Dcatalina.home=C:\Users\Usuario\Desktop\programacion\krakedev\apache-tomcat-10.1.18
18-Feb-2024 21:20:56.999 INFO [main] org.apache.catalina.startup.VersionLoggerListener.log Command line argument:             -Djava.io.tmpdir=C:\Users\Usuario\Desktop\programacion\krakedev\apache-tomcat-10.1.18\temp
18-Feb-2024 21:20:57.005 INFO [main] org.apache.catalina.core.AprLifecycleListener.lifecycleEvent Cargada la biblioteca nativa APR de Apache Tomcat [2.0.6] con la versión APR [1.7.4].
18-Feb-2024 21:20:57.026 INFO [main] org.apache.catalina.core.AprLifecycleListener.initializeSSL OpenSSL inicializado correctamente [OpenSSL 3.0.11 19 Sep 2023]
18-Feb-2024 21:20:57.331 INFO [main] org.apache.coyote.AbstractProtocol.init Inicializando el manejador de protocolo ["http-nio-8080"]

18-Feb-2024 21:20:57.356 INFO [main] org.apache.catalina.startup.Catalina.load Server initialization in [571] milliseconds
18-Feb-2024 21:20:57.415 INFO [main] org.apache.catalina.core.StandardService.startInternal Arrancando servicio [Catalina]
18-Feb-2024 21:20:57.415 INFO [main] org.apache.catalina.core.StandardEngine.startInternal Starting Servlet engine: [Apache Tomcat/10.1.18]
18-Feb-2024 21:20:57.427 INFO [main] org.apache.catalina.startup.HostConfig.deployDirectory Desplegando el directorio [C:\Users\Usuario\Desktop\programacion\krakedev\apache-tomcat-10.1.18\webapps\docs] de la aplicación web
18-Feb-2024 21:20:57.767 INFO [main] org.apache.catalina.startup.HostConfig.deployDirectory Deployment of web application directory [C:\Users\Usuario\Desktop\programacion\krakedev\apache-tomcat-10.1.18\webapps\docs] has finished in [334] ms
18-Feb-2024 21:20:57.767 INFO [main] org.apache.catalina.startup.HostConfig.deployDirectory Desplegando el directorio [C:\Users\Usuario\Desktop\programacion\krakedev\apache-tomcat-10.1.18\webapps\examples] de la aplicación web
18-Feb-2024 21:20:58.256 INFO [main] org.apache.catalina.startup.HostConfig.deployDirectory Deployment of web application directory [C:\Users\Usuario\Desktop\programacion\krakedev\apache-tomcat-10.1.18\webapps\examples] has finished in [489] ms
18-Feb-2024 21:20:58.256 INFO [main] org.apache.catalina.startup.HostConfig.deployDirectory Desplegando el directorio [C:\Users\Usuario\Desktop\programacion\krakedev\apache-tomcat-10.1.18\webapps\host-manager] de la aplicación web
18-Feb-2024 21:20:58.301 INFO [main] org.apache.catalina.startup.HostConfig.deployDirectory Deployment of web application directory [C:\Users\Usuario\Desktop\programacion\krakedev\apache-tomcat-10.1.18\webapps\host-manager] has finished in [45] ms
18-Feb-2024 21:20:58.302 INFO [main] org.apache.catalina.startup.HostConfig.deployDirectory Desplegando el directorio [C:\Users\Usuario\Desktop\programacion\krakedev\apache-tomcat-10.1.18\webapps\krakedev] de la aplicación web
18-Feb-2024 21:20:58.340 INFO [main] org.apache.catalina.startup.HostConfig.deployDirectory Deployment of web application directory [C:\Users\Usuario\Desktop\programacion\krakedev\apache-tomcat-10.1.18\webapps\krakedev] has finished in [38] ms
18-Feb-2024 21:20:58.340 INFO [main] org.apache.catalina.startup.HostConfig.deployDirectory Desplegando el directorio [C:\Users\Usuario\Desktop\programacion\krakedev\apache-tomcat-10.1.18\webapps\manager] de la aplicación web
18-Feb-2024 21:20:58.375 INFO [main] org.apache.catalina.startup.HostConfig.deployDirectory Deployment of web application directory [C:\Users\Usuario\Desktop\programacion\krakedev\apache-tomcat-10.1.18\webapps\manager] has finished in [35] ms
18-Feb-2024 21:20:58.376 INFO [main] org.apache.catalina.startup.HostConfig.deployDirectory Desplegando el directorio [C:\Users\Usuario\Desktop\programacion\krakedev\apache-tomcat-10.1.18\webapps\pantilla] de la aplicación web
18-Feb-2024 21:20:58.397 INFO [main] org.apache.catalina.startup.HostConfig.deployDirectory Deployment of web application directory [C:\Users\Usuario\Desktop\programacion\krakedev\apache-tomcat-10.1.18\webapps\pantilla] has finished in [20] ms
18-Feb-2024 21:20:58.397 INFO [main] org.apache.catalina.startup.HostConfig.deployDirectory Desplegando el directorio [C:\Users\Usuario\Desktop\programacion\krakedev\apache-tomcat-10.1.18\webapps\placas] de la aplicación web
18-Feb-2024 21:20:58.417 INFO [main] org.apache.catalina.startup.HostConfig.deployDirectory Deployment of web application directory [C:\Users\Usuario\Desktop\programacion\krakedev\apache-tomcat-10.1.18\webapps\placas] has finished in [20] ms
18-Feb-2024 21:20:58.418 INFO [main] org.apache.catalina.startup.HostConfig.deployDirectory Desplegando el directorio [C:\Users\Usuario\Desktop\programacion\krakedev\apache-tomcat-10.1.18\webapps\ROOT] de la aplicación web
18-Feb-2024 21:20:58.441 INFO [main] org.apache.catalina.startup.HostConfig.deployDirectory Deployment of web application directory [C:\Users\Usuario\Desktop\programacion\krakedev\apache-tomcat-10.1.18\webapps\ROOT] has finished in [23] ms
18-Feb-2024 21:20:58.443 INFO [main] org.apache.coyote.AbstractProtocol.start Starting ProtocolHandler ["http-nio-8080"]
18-Feb-2024 21:20:58.477 INFO [main] org.apache.catalina.startup.Catalina.start Server startup in [1120] milliseconds
18-Feb-2024 21:22:59.168 INFO [Catalina-utility-1] org.apache.catalina.startup.HostConfig.undeploy Repliegue (undeploy) de la aplicación web que tiene como trayectoria de contexto [/pantilla]
18-Feb-2024 21:22:59.199 INFO [Catalina-utility-1] org.apache.catalina.startup.HostConfig.deployDirectory Desplegando el directorio [C:\Users\Usuario\Desktop\programacion\krakedev\apache-tomcat-10.1.18\webapps\plantilla] de la aplicación web
18-Feb-2024 21:22:59.257 INFO [Catalina-utility-1] org.apache.catalina.startup.HostConfig.deployDirectory Deployment of web application directory [C:\Users\Usuario\Desktop\programacion\krakedev\apache-tomcat-10.1.18\webapps\plantilla] has finished in [58] ms
